d:\projects\aoc2022\x64\debug\vc143.pdb
d:\projects\aoc2022\x64\debug\vc143.idb
d:\projects\aoc2022\x64\debug\daytwo.obj
d:\projects\aoc2022\x64\debug\dayone.obj
d:\projects\aoc2022\x64\debug\aoc2022.exe
d:\projects\aoc2022\x64\debug\aoc2022.ilk
d:\projects\aoc2022\x64\debug\aoc2022.pdb
d:\projects\aoc2022\x64\debug\main.obj
d:\projects\aoc2022\x64\debug\aoc2022.tlog\cl.command.1.tlog
d:\projects\aoc2022\x64\debug\aoc2022.tlog\cl.read.1.tlog
d:\projects\aoc2022\x64\debug\aoc2022.tlog\cl.write.1.tlog
d:\projects\aoc2022\x64\debug\aoc2022.tlog\link.9524-cvtres.read.1.tlog
d:\projects\aoc2022\x64\debug\aoc2022.tlog\link.9524-cvtres.write.1.tlog
d:\projects\aoc2022\x64\debug\aoc2022.tlog\link.9524-rc.read.1.tlog
d:\projects\aoc2022\x64\debug\aoc2022.tlog\link.9524-rc.write.1.tlog
d:\projects\aoc2022\x64\debug\aoc2022.tlog\link.9524.read.1.tlog
d:\projects\aoc2022\x64\debug\aoc2022.tlog\link.9524.read.2.tlog
d:\projects\aoc2022\x64\debug\aoc2022.tlog\link.9524.write.1.tlog
d:\projects\aoc2022\x64\debug\aoc2022.tlog\link.command.1.tlog
d:\projects\aoc2022\x64\debug\aoc2022.tlog\link.read.1.tlog
d:\projects\aoc2022\x64\debug\aoc2022.tlog\link.write.1.tlog
